<?xml version="1.0" encoding="UTF-8"?>
<!-- Generated by org.testng.reporters.JUnitReportReporter -->
<testsuite hostname="DESKTOP-HAAR54D" failures="0" tests="1" name="test.HomePageTest" time="1.301" errors="0" timestamp="2022-06-14T15:22:32 IST" skipped="0">
  <testcase classname="test.HomePageTest" name="logout" time="1.301"/>
  <system-out/>
</testsuite> <!-- test.HomePageTest -->
